<?xml version="1.0" encoding="UTF-8"?>
<!-- Generated by org.testng.reporters.JUnitXMLReporter -->
<testsuite hostname="Dell-PC" name="pacage" tests="14" failures="2" timestamp="30 Jun 2020 01:32:51 GMT" time="0.118" errors="0">
  <testcase name="@AfterClass afterClass" time="0.0" classname="test.Testcase3">
    <failure type="org.testng.TestNGException" message="
Parameter &amp;apos;username&amp;apos; is required by @Configuration on method afterClass but has not been marked @Optional or defined
in E:\Eclipse Backup\eclpise_data\eclipse-workspace\TestNgPractice\pacage.xml">
      <![CDATA[org.testng.TestNGException: 
Parameter 'username' is required by @Configuration on method afterClass but has not been marked @Optional or defined
in E:\Eclipse Backup\eclpise_data\eclipse-workspace\TestNgPractice\pacage.xml
... Removed 22 stack frames]]>
    </failure>
  </testcase> <!-- @AfterClass afterClass -->
  <testcase name="beforeclassmethod" time="0.01" classname="test.BeforeClassandAfterclass"/>
  <testcase name="testmethod" time="0.003" classname="test.BeforeMethodandAftermethod"/>
  <testcase name="suitmethod" time="0.001" classname="test.BeforesuitandAftersuit"/>
  <testcase name="befretestmethod" time="0.002" classname="test.BeforeTestandAfterTest"/>
  <testcase name="f" time="0.002" classname="test.Fullsuit"/>
  <testcase name="Testcase" time="0.002" classname="test.Testcase1"/>
  <testcase name="Testcase" time="0.006" classname="test.Testcase2"/>
  <testcase name="Testcase" time="0.0" classname="test.Testcase3">
    <failure type="org.testng.TestNGException" message="
Parameter &amp;apos;username&amp;apos; is required by @Test on method Testcase but has not been marked @Optional or defined
in E:\Eclipse Backup\eclpise_data\eclipse-workspace\TestNgPractice\pacage.xml">
      <![CDATA[org.testng.TestNGException: 
Parameter 'username' is required by @Test on method Testcase but has not been marked @Optional or defined
in E:\Eclipse Backup\eclpise_data\eclipse-workspace\TestNgPractice\pacage.xml
... Removed 23 stack frames]]>
    </failure>
  </testcase> <!-- Testcase -->
  <testcase name="Testcase" time="0.0" classname="test.Testcase4">
    <failure type="org.testng.TestNGException" message="
Parameter &amp;apos;username&amp;apos; is required by @Test on method Testcase but has not been marked @Optional or defined
in E:\Eclipse Backup\eclpise_data\eclipse-workspace\TestNgPractice\pacage.xml">
      <![CDATA[org.testng.TestNGException: 
Parameter 'username' is required by @Test on method Testcase but has not been marked @Optional or defined
in E:\Eclipse Backup\eclpise_data\eclipse-workspace\TestNgPractice\pacage.xml
... Removed 23 stack frames]]>
    </failure>
  </testcase> <!-- Testcase -->
  <testcase name="mobilemthod" time="0.002" classname="test.Testcase5"/>
  <testcase name="mobilsteps" time="0.002" classname="test.Testcase5"/>
  <testcase name="Webmthod" time="0.001" classname="test.Testcase5"/>
  <testcase name="Webtest" time="0.001" classname="test.Testcase5"/>
  <testcase name="Websteps" time="0.002" classname="test.Testcase5"/>
</testsuite> <!-- pacage -->
