<html>
<head>
<title>TestNG:  pacage</title>
<link href="../testng.css" rel="stylesheet" type="text/css" />
<link href="../my-testng.css" rel="stylesheet" type="text/css" />

<style type="text/css">
.log { display: none;} 
.stack-trace { display: none;} 
</style>
<script type="text/javascript">
<!--
function flip(e) {
  current = e.style.display;
  if (current == 'block') {
    e.style.display = 'none';
    return 0;
  }
  else {
    e.style.display = 'block';
    return 1;
  }
}

function toggleBox(szDivId, elem, msg1, msg2)
{
  var res = -1;  if (document.getElementById) {
    res = flip(document.getElementById(szDivId));
  }
  else if (document.all) {
    // this is the way old msie versions work
    res = flip(document.all[szDivId]);
  }
  if(elem) {
    if(res == 0) elem.innerHTML = msg1; else elem.innerHTML = msg2;
  }

}

function toggleAllBoxes() {
  if (document.getElementsByTagName) {
    d = document.getElementsByTagName('div');
    for (i = 0; i < d.length; i++) {
      if (d[i].className == 'log') {
        flip(d[i]);
      }
    }
  }
}

// -->
</script>

</head>
<body>
<h2 align='center'>pacage</h2><table border='1' align="center">
<tr>
<td>Tests passed/Failed/Skipped:</td><td>12/2/0</td>
</tr><tr>
<td>Started on:</td><td>Tue Jun 30 07:02:51 IST 2020</td>
</tr>
<tr><td>Total time:</td><td>0 seconds (118 ms)</td>
</tr><tr>
<td>Included groups:</td><td></td>
</tr><tr>
<td>Excluded groups:</td><td></td>
</tr>
</table><p/>
<small><i>(Hover the method name to see the test class name)</i></small><p/>
<table width='100%' border='1' class='invocation-failed'>
<tr><td colspan='4' align='center'><b>FAILED CONFIGURATIONS</b></td></tr>
<tr><td><b>Test method</b></td>
<td width="30%"><b>Exception</b></td>
<td width="10%"><b>Time (seconds)</b></td>
<td><b>Instance</b></td>
</tr>
<tr>
<td title='test.Testcase3.afterClass()'><b>afterClass</b><br>Test class: test.Testcase3</td>
<td><div><pre>org.testng.TestNGException: 
Parameter &apos;username&apos; is required by @Configuration on method afterClass but has not been marked @Optional or defined
in E:\Eclipse Backup\eclpise_data\eclipse-workspace\TestNgPractice\pacage.xml
... Removed 22 stack frames</pre></div><a href='#' onClick='toggleBox("stack-trace1262822392", this, "Click to show all stack frames", "Click to hide stack frames")'>Click to show all stack frames</a>
<div class='stack-trace' id='stack-trace1262822392'><pre>org.testng.TestNGException: 
Parameter &apos;username&apos; is required by @Configuration on method afterClass but has not been marked @Optional or defined
in E:\Eclipse Backup\eclpise_data\eclipse-workspace\TestNgPractice\pacage.xml
	at org.testng.internal.Parameters.createParameters(Parameters.java:156)
	at org.testng.internal.Parameters.createParameters(Parameters.java:370)
	at org.testng.internal.Parameters.createConfigurationParameters(Parameters.java:86)
	at org.testng.internal.Invoker.invokeConfigurations(Invoker.java:202)
	at org.testng.internal.Invoker.invokeConfigurations(Invoker.java:143)
	at org.testng.internal.TestMethodWorker.invokeAfterClassMethods(TestMethodWorker.java:217)
	at org.testng.internal.TestMethodWorker.run(TestMethodWorker.java:115)
	at org.testng.TestRunner.privateRun(TestRunner.java:753)
	at org.testng.TestRunner.run(TestRunner.java:607)
	at org.testng.SuiteRunner.runTest(SuiteRunner.java:368)
	at org.testng.SuiteRunner.runSequentially(SuiteRunner.java:363)
	at org.testng.SuiteRunner.privateRun(SuiteRunner.java:321)
	at org.testng.SuiteRunner.run(SuiteRunner.java:270)
	at org.testng.SuiteRunnerWorker.runSuite(SuiteRunnerWorker.java:52)
	at org.testng.SuiteRunnerWorker.run(SuiteRunnerWorker.java:86)
	at org.testng.TestNG.runSuitesSequentially(TestNG.java:1284)
	at org.testng.TestNG.runSuitesLocally(TestNG.java:1209)
	at org.testng.TestNG.runSuites(TestNG.java:1124)
	at org.testng.TestNG.run(TestNG.java:1096)
	at org.testng.remote.AbstractRemoteTestNG.run(AbstractRemoteTestNG.java:132)
	at org.testng.remote.RemoteTestNG.initAndRun(RemoteTestNG.java:236)
	at org.testng.remote.RemoteTestNG.main(RemoteTestNG.java:81)
</pre></div></td>
<td>0</td>
<td>test.Testcase3@62ee68d8</td></tr>
</table><p>
<table width='100%' border='1' class='invocation-failed'>
<tr><td colspan='4' align='center'><b>FAILED TESTS</b></td></tr>
<tr><td><b>Test method</b></td>
<td width="30%"><b>Exception</b></td>
<td width="10%"><b>Time (seconds)</b></td>
<td><b>Instance</b></td>
</tr>
<tr>
<td title='test.Testcase3.Testcase()'><b>Testcase</b><br>Test class: test.Testcase3</td>
<td><div><pre>org.testng.TestNGException: 
Parameter &apos;username&apos; is required by @Test on method Testcase but has not been marked @Optional or defined
in E:\Eclipse Backup\eclpise_data\eclipse-workspace\TestNgPractice\pacage.xml
... Removed 23 stack frames</pre></div><a href='#' onClick='toggleBox("stack-trace1843368112", this, "Click to show all stack frames", "Click to hide stack frames")'>Click to show all stack frames</a>
<div class='stack-trace' id='stack-trace1843368112'><pre>org.testng.TestNGException: 
Parameter &apos;username&apos; is required by @Test on method Testcase but has not been marked @Optional or defined
in E:\Eclipse Backup\eclpise_data\eclipse-workspace\TestNgPractice\pacage.xml
	at org.testng.internal.Parameters.createParameters(Parameters.java:156)
	at org.testng.internal.Parameters.createParameters(Parameters.java:370)
	at org.testng.internal.Parameters.handleParameters(Parameters.java:495)
	at org.testng.internal.Invoker.handleParameters(Invoker.java:1253)
	at org.testng.internal.Invoker.createParameters(Invoker.java:980)
	at org.testng.internal.Invoker.invokeTestMethods(Invoker.java:1070)
	at org.testng.internal.TestMethodWorker.invokeTestMethods(TestMethodWorker.java:129)
	at org.testng.internal.TestMethodWorker.run(TestMethodWorker.java:112)
	at org.testng.TestRunner.privateRun(TestRunner.java:753)
	at org.testng.TestRunner.run(TestRunner.java:607)
	at org.testng.SuiteRunner.runTest(SuiteRunner.java:368)
	at org.testng.SuiteRunner.runSequentially(SuiteRunner.java:363)
	at org.testng.SuiteRunner.privateRun(SuiteRunner.java:321)
	at org.testng.SuiteRunner.run(SuiteRunner.java:270)
	at org.testng.SuiteRunnerWorker.runSuite(SuiteRunnerWorker.java:52)
	at org.testng.SuiteRunnerWorker.run(SuiteRunnerWorker.java:86)
	at org.testng.TestNG.runSuitesSequentially(TestNG.java:1284)
	at org.testng.TestNG.runSuitesLocally(TestNG.java:1209)
	at org.testng.TestNG.runSuites(TestNG.java:1124)
	at org.testng.TestNG.run(TestNG.java:1096)
	at org.testng.remote.AbstractRemoteTestNG.run(AbstractRemoteTestNG.java:132)
	at org.testng.remote.RemoteTestNG.initAndRun(RemoteTestNG.java:236)
	at org.testng.remote.RemoteTestNG.main(RemoteTestNG.java:81)
</pre></div></td>
<td>0</td>
<td>test.Testcase3@62ee68d8</td></tr>
<tr>
<td title='test.Testcase4.Testcase()'><b>Testcase</b><br>Test class: test.Testcase4</td>
<td><div><pre>org.testng.TestNGException: 
Parameter &apos;username&apos; is required by @Test on method Testcase but has not been marked @Optional or defined
in E:\Eclipse Backup\eclpise_data\eclipse-workspace\TestNgPractice\pacage.xml
... Removed 23 stack frames</pre></div><a href='#' onClick='toggleBox("stack-trace2106620844", this, "Click to show all stack frames", "Click to hide stack frames")'>Click to show all stack frames</a>
<div class='stack-trace' id='stack-trace2106620844'><pre>org.testng.TestNGException: 
Parameter &apos;username&apos; is required by @Test on method Testcase but has not been marked @Optional or defined
in E:\Eclipse Backup\eclpise_data\eclipse-workspace\TestNgPractice\pacage.xml
	at org.testng.internal.Parameters.createParameters(Parameters.java:156)
	at org.testng.internal.Parameters.createParameters(Parameters.java:370)
	at org.testng.internal.Parameters.handleParameters(Parameters.java:495)
	at org.testng.internal.Invoker.handleParameters(Invoker.java:1253)
	at org.testng.internal.Invoker.createParameters(Invoker.java:980)
	at org.testng.internal.Invoker.invokeTestMethods(Invoker.java:1070)
	at org.testng.internal.TestMethodWorker.invokeTestMethods(TestMethodWorker.java:129)
	at org.testng.internal.TestMethodWorker.run(TestMethodWorker.java:112)
	at org.testng.TestRunner.privateRun(TestRunner.java:753)
	at org.testng.TestRunner.run(TestRunner.java:607)
	at org.testng.SuiteRunner.runTest(SuiteRunner.java:368)
	at org.testng.SuiteRunner.runSequentially(SuiteRunner.java:363)
	at org.testng.SuiteRunner.privateRun(SuiteRunner.java:321)
	at org.testng.SuiteRunner.run(SuiteRunner.java:270)
	at org.testng.SuiteRunnerWorker.runSuite(SuiteRunnerWorker.java:52)
	at org.testng.SuiteRunnerWorker.run(SuiteRunnerWorker.java:86)
	at org.testng.TestNG.runSuitesSequentially(TestNG.java:1284)
	at org.testng.TestNG.runSuitesLocally(TestNG.java:1209)
	at org.testng.TestNG.runSuites(TestNG.java:1124)
	at org.testng.TestNG.run(TestNG.java:1096)
	at org.testng.remote.AbstractRemoteTestNG.run(AbstractRemoteTestNG.java:132)
	at org.testng.remote.RemoteTestNG.initAndRun(RemoteTestNG.java:236)
	at org.testng.remote.RemoteTestNG.main(RemoteTestNG.java:81)
</pre></div></td>
<td>0</td>
<td>test.Testcase4@5034c75a</td></tr>
</table><p>
<table width='100%' border='1' class='invocation-passed'>
<tr><td colspan='4' align='center'><b>PASSED TESTS</b></td></tr>
<tr><td><b>Test method</b></td>
<td width="30%"><b>Exception</b></td>
<td width="10%"><b>Time (seconds)</b></td>
<td><b>Instance</b></td>
</tr>
<tr>
<td title='test.Testcase1.Testcase()'><b>Testcase</b><br>Test class: test.Testcase1</td>
<td></td>
<td>0</td>
<td>test.Testcase1@51efea79</td></tr>
<tr>
<td title='test.Testcase2.Testcase()'><b>Testcase</b><br>Test class: test.Testcase2</td>
<td></td>
<td>0</td>
<td>test.Testcase2@9629756</td></tr>
<tr>
<td title='test.Testcase5.Webmthod()'><b>Webmthod</b><br>Test class: test.Testcase5</td>
<td></td>
<td>0</td>
<td>test.Testcase5@735b5592</td></tr>
<tr>
<td title='test.Testcase5.Websteps()'><b>Websteps</b><br>Test class: test.Testcase5</td>
<td></td>
<td>0</td>
<td>test.Testcase5@735b5592</td></tr>
<tr>
<td title='test.Testcase5.Webtest()'><b>Webtest</b><br>Test class: test.Testcase5</td>
<td></td>
<td>0</td>
<td>test.Testcase5@735b5592</td></tr>
<tr>
<td title='test.BeforeClassandAfterclass.beforeclassmethod()'><b>beforeclassmethod</b><br>Test class: test.BeforeClassandAfterclass</td>
<td></td>
<td>0</td>
<td>test.BeforeClassandAfterclass@51081592</td></tr>
<tr>
<td title='test.BeforeTestandAfterTest.befretestmethod()'><b>befretestmethod</b><br>Test class: test.BeforeTestandAfterTest</td>
<td></td>
<td>0</td>
<td>test.BeforeTestandAfterTest@396a51ab</td></tr>
<tr>
<td title='test.Fullsuit.f()'><b>f</b><br>Test class: test.Fullsuit</td>
<td></td>
<td>0</td>
<td>test.Fullsuit@6d00a15d</td></tr>
<tr>
<td title='test.Testcase5.mobilemthod()'><b>mobilemthod</b><br>Test class: test.Testcase5</td>
<td></td>
<td>0</td>
<td>test.Testcase5@735b5592</td></tr>
<tr>
<td title='test.Testcase5.mobilsteps()'><b>mobilsteps</b><br>Test class: test.Testcase5</td>
<td></td>
<td>0</td>
<td>test.Testcase5@735b5592</td></tr>
<tr>
<td title='test.BeforesuitandAftersuit.suitmethod()'><b>suitmethod</b><br>Test class: test.BeforesuitandAftersuit</td>
<td></td>
<td>0</td>
<td>test.BeforesuitandAftersuit@36d4b5c</td></tr>
<tr>
<td title='test.BeforeMethodandAftermethod.testmethod()'><b>testmethod</b><br>Test class: test.BeforeMethodandAftermethod</td>
<td></td>
<td>0</td>
<td>test.BeforeMethodandAftermethod@7f9a81e8</td></tr>
</table><p>
</body>
</html>